[09:01:47] [main/INFO] (FabricLoader/GameProvider) Loading Minecraft 1.21.8 with Fabric Loader 0.16.14
[09:01:48] [main/INFO] (FabricLoader) Loading 41 mods:
	- fabric-api 0.130.0+1.21.8
	- fabric-api-base 0.4.64+9ec45cd82c
	- fabric-api-lookup-api-v1 1.6.100+946bf4c32c
	- fabric-biome-api-v1 16.0.11+946bf4c32c
	- fabric-block-api-v1 1.1.3+946bf4c32c
	- fabric-block-view-api-v2 1.0.31+946bf4c32c
	- fabric-command-api-v2 2.3.0+52fff9ec2c
	- fabric-content-registries-v0 10.0.18+946bf4c32c
	- fabric-convention-tags-v1 2.1.40+7f945d5b2c
	- fabric-convention-tags-v2 2.15.5+eb5df52f2c
	- fabric-crash-report-info-v1 0.3.15+946bf4c32c
	- fabric-data-attachment-api-v1 1.8.10+946bf4c32c
	- fabric-data-generation-api-v1 23.2.5+9fc9c3b12c
	- fabric-dimensions-v1 4.0.19+946bf4c32c
	- fabric-entity-events-v1 2.1.1+c9e472732c
	- fabric-events-interaction-v0 4.0.23+946bf4c32c
	- fabric-game-rule-api-v1 1.0.73+c64c9c5b2c
	- fabric-gametest-api-v1 3.1.9+39ce47f52c
	- fabric-item-api-v1 11.4.3+946bf4c32c
	- fabric-item-group-api-v1 4.2.13+946bf4c32c
	- fabric-lifecycle-events-v1 2.6.3+db4dfd852c
	- fabric-loot-api-v2 3.0.55+3f89f5a52c
	- fabric-loot-api-v3 2.0.2+946bf4c32c
	- fabric-message-api-v1 6.1.1+946bf4c32c
	- fabric-networking-api-v1 5.0.1+946bf4c32c
	- fabric-object-builder-api-v1 21.1.7+946bf4c32c
	- fabric-particles-v1 4.1.7+946bf4c32c
	- fabric-recipe-api-v1 8.1.14+946bf4c32c
	- fabric-registry-sync-v0 6.1.27+946bf4c32c
	- fabric-rendering-fluids-v1 3.1.30+fa6cb72b2c
	- fabric-resource-conditions-api-v1 5.0.24+946bf4c32c
	- fabric-resource-loader-v0 3.1.11+946bf4c32c
	- fabric-screen-handler-api-v1 1.3.136+946bf4c32c
	- fabric-tag-api-v1 1.2.1+946bf4c32c
	- fabric-transfer-api-v1 6.0.5+946bf4c32c
	- fabric-transitive-access-wideners-v1 6.4.1+ac3e15d12c
	- fabricloader 0.16.14
	- java 21
	- minecraft 1.21.8
	- mixinextras 0.4.1
	- spamclickpvp 1.0.0
[09:01:48] [main/INFO] (FabricLoader/Mixin) SpongePowered MIXIN Subsystem Version=0.8.7 Source=file:/C:/Users/julia/.gradle/caches/modules-2/files-2.1/net.fabricmc/sponge-mixin/0.15.5+mixin.0.8.7/22f9eb729e216a091673a574a5906dc1b9027fb3/sponge-mixin-0.15.5+mixin.0.8.7.jar Service=Knot/Fabric Env=SERVER
[09:01:48] [main/INFO] (FabricLoader/Mixin) Loaded Fabric development mappings for mixin remapper!
[09:01:48] [main/INFO] (FabricLoader/Mixin) Compatibility level set to JAVA_21
[09:01:49] [main/INFO] (FabricLoader/MixinExtras|Service) Initializing MixinExtras via com.llamalad7.mixinextras.service.MixinExtrasServiceImpl(version=0.4.1).
[09:02:05] [main/ERROR] (Minecraft) Failed to load properties from file: server.properties
java.nio.file.NoSuchFileException: server.properties
	at java.base/sun.nio.fs.WindowsException.translateToIOException(WindowsException.java:85) ~[?:?]
	at java.base/sun.nio.fs.WindowsException.rethrowAsIOException(WindowsException.java:103) ~[?:?]
	at java.base/sun.nio.fs.WindowsException.rethrowAsIOException(WindowsException.java:108) ~[?:?]
	at java.base/sun.nio.fs.WindowsFileSystemProvider.newByteChannel(WindowsFileSystemProvider.java:234) ~[?:?]
	at java.base/java.nio.file.Files.newByteChannel(Files.java:380) ~[?:?]
	at java.base/java.nio.file.Files.newByteChannel(Files.java:432) ~[?:?]
	at java.base/java.nio.file.spi.FileSystemProvider.newInputStream(FileSystemProvider.java:420) ~[?:?]
	at java.base/java.nio.file.Files.newInputStream(Files.java:160) ~[?:?]
	at knot/net.minecraft.server.dedicated.AbstractPropertiesHandler.loadProperties(AbstractPropertiesHandler.java:51) [minecraft-merged-1ee8af1322-1.21.8-net.fabricmc.yarn.1_21_8.1.21.8+build.1-v2.jar:?]
	at knot/net.minecraft.server.dedicated.ServerPropertiesHandler.load(ServerPropertiesHandler.java:134) [minecraft-merged-1ee8af1322-1.21.8-net.fabricmc.yarn.1_21_8.1.21.8+build.1-v2.jar:?]
	at knot/net.minecraft.server.dedicated.ServerPropertiesLoader.<init>(ServerPropertiesLoader.java:12) [minecraft-merged-1ee8af1322-1.21.8-net.fabricmc.yarn.1_21_8.1.21.8+build.1-v2.jar:?]
	at knot/net.minecraft.server.Main.main(Main.java:114) [minecraft-merged-1ee8af1322-1.21.8-net.fabricmc.yarn.1_21_8.1.21.8+build.1-v2.jar:?]
	at net.fabricmc.loader.impl.game.minecraft.MinecraftGameProvider.launch(MinecraftGameProvider.java:480) [fabric-loader-0.16.14.jar:?]
	at net.fabricmc.loader.impl.launch.knot.Knot.launch(Knot.java:74) [fabric-loader-0.16.14.jar:?]
	at net.fabricmc.loader.impl.launch.knot.KnotServer.main(KnotServer.java:23) [fabric-loader-0.16.14.jar:?]
	at net.fabricmc.devlaunchinjector.Main.main(Main.java:86) [dev-launch-injector-0.2.1+build.8.jar:?]
[09:02:05] [main/WARN] (Minecraft) Failed to load eula.txt
[09:02:05] [main/INFO] (Minecraft) You need to agree to the EULA in order to run the server. Go to eula.txt for more info.
